<?xml version="1.0" encoding="UTF-8"?>
<!-- Generated by org.testng.reporters.JUnitReportReporter -->
<testsuite hostname="Naveen" failures="0" tests="1" name="rahulshettyacademy.tests.StandAloneTest" time="19.243" errors="0" timestamp="2024-11-13T22:29:57 IST" skipped="0">
  <testcase classname="rahulshettyacademy.tests.StandAloneTest" name="submitorder" time="19.243"/>
</testsuite> <!-- rahulshettyacademy.tests.StandAloneTest -->
