<?xml version="1.0" encoding="UTF-8"?>
<!-- Generated by org.testng.reporters.JUnitReportReporter -->
<testsuite hostname="Naveen" failures="0" tests="4" name="rahulshettyacademy.tests.SubmitOrder" time="33.972" errors="0" timestamp="2024-11-21T18:28:03 IST" skipped="0">
  <testcase classname="rahulshettyacademy.tests.SubmitOrder" name="submitorder" time="9.591"/>
  <testcase classname="rahulshettyacademy.tests.SubmitOrder" name="verifyorder" time="5.876"/>
  <testcase classname="rahulshettyacademy.tests.SubmitOrder" name="submitorder" time="7.421"/>
  <testcase classname="rahulshettyacademy.tests.SubmitOrder" name="verifyorder" time="11.084"/>
</testsuite> <!-- rahulshettyacademy.tests.SubmitOrder -->
