<?xml version="1.0" encoding="UTF-8"?>
<!-- Generated by org.testng.reporters.JUnitReportReporter -->
<testsuite hostname="Naveen" failures="0" tests="1" name="testnglearn.Sample" time="0.011" errors="0" timestamp="2024-11-12T19:11:24 IST" skipped="0">
  <testcase classname="testnglearn.Sample" name="sampletestng" time="0.011"/>
</testsuite> <!-- testnglearn.Sample -->
