<?xml version="1.0" encoding="UTF-8"?>
<!-- Generated by org.testng.reporters.JUnitReportReporter -->
<testsuite hostname="Naveen" failures="0" tests="4" name="rahulshettyacademy.tests.SubmitOrder" time="25.760" errors="0" timestamp="2024-11-25T12:00:13 IST" skipped="0">
  <testcase classname="rahulshettyacademy.tests.SubmitOrder" name="verifyorder" time="5.189"/>
  <testcase classname="rahulshettyacademy.tests.SubmitOrder" name="submitorder" time="7.717"/>
  <testcase classname="rahulshettyacademy.tests.SubmitOrder" name="submitorder" time="7.876"/>
  <testcase classname="rahulshettyacademy.tests.SubmitOrder" name="verifyorder" time="4.978"/>
</testsuite> <!-- rahulshettyacademy.tests.SubmitOrder -->
